<?xml version="1.0" encoding="UTF-8"?>
<Site BuildName="(empty)"
	BuildStamp="20230531-1318-Experimental"
	Name="(empty)"
	Generator="ctest-3.22.1"
	CompilerName=""
	CompilerVersion=""
	OSName="Linux"
	Hostname="ubuntu-linux-22-04-desktop"
	OSRelease="5.15.0-71-generic"
	OSVersion="#78-Ubuntu SMP Tue Apr 18 09:00:08 UTC 2023"
	OSPlatform="aarch64"
	Is64Bits="1"
	VendorString=""
	VendorID="Unknown Manufacturer"
	FamilyID="8"
	ModelID="0"
	ProcessorCacheSize="0"
	NumberOfLogicalCPU="4"
	NumberOfPhysicalCPU="1"
	TotalVirtualMemory="2047"
	TotalPhysicalMemory="3911"
	LogicalProcessorsPerPhysical="4"
	ProcessorClockFrequency="0"
	>
	<Testing>
		<StartDateTime>May 31 21:18 CST</StartDateTime>
		<StartTestTime>1685539097</StartTestTime>
		<TestList/>
		<EndDateTime>May 31 21:18 CST</EndDateTime>
		<EndTestTime>1685539097</EndTestTime>
		<ElapsedMinutes>0</ElapsedMinutes>
	</Testing>
</Site>
