Start testing: Apr 18 07:05 +04
----------------------------------------------------------
1/3 Testing: test_mempool
1/3 Test: test_mempool
Command: "/projects/mem_socket/mem_socket_server/build/test_mempool"
Directory: /projects/mem_socket/mem_socket_server/build
"test_mempool" start time: Apr 18 07:05 +04
Output:
----------------------------------------------------------
<end of output>
Test time =   0.03 sec
----------------------------------------------------------
Test Passed.
"test_mempool" end time: Apr 18 07:05 +04
"test_mempool" time elapsed: 00:00:00
----------------------------------------------------------

3/3 Testing: test_thread
3/3 Test: test_thread
Command: "/projects/mem_socket/mem_socket_server/build/test_thread"
Directory: /projects/mem_socket/mem_socket_server/build
"test_thread" start time: Apr 18 07:05 +04
Output:
----------------------------------------------------------
<end of output>
Test time =   0.04 sec
----------------------------------------------------------
Test Passed.
"test_thread" end time: Apr 18 07:05 +04
"test_thread" time elapsed: 00:00:00
----------------------------------------------------------

2/3 Testing: test_sqlmanager
2/3 Test: test_sqlmanager
Command: "/projects/mem_socket/mem_socket_server/build/test_sqlmanager"
Directory: /projects/mem_socket/mem_socket_server/build
"test_sqlmanager" start time: Apr 18 07:05 +04
Output:
----------------------------------------------------------
<end of output>
Test time =   0.10 sec
----------------------------------------------------------
Test Passed.
"test_sqlmanager" end time: Apr 18 07:05 +04
"test_sqlmanager" time elapsed: 00:00:00
----------------------------------------------------------

End testing: Apr 18 07:05 +04
